<?xml version="1.0" encoding="UTF-8"?>
<coverage generated="1629126146743" clover="3.2.0">
  <project timestamp="1629126146743" name="All files">
    <metrics statements="17" coveredstatements="14" conditionals="20" coveredconditionals="12" methods="8" coveredmethods="5" elements="45" coveredelements="31" complexity="0" loc="17" ncloc="17" packages="1" files="2" classes="2"/>
    <file name="task.component.stories.ts" path="C:\Users\Centrical\Documents\GitHub\angular-nx-cypress-coverage-example\libs\ui-lib\src\lib\task\task.component.stories.ts">
      <metrics statements="11" coveredstatements="10" conditionals="0" coveredconditionals="0" methods="4" coveredmethods="3"/>
      <line num="5" count="26" type="stmt"/>
      <line num="7" count="26" type="stmt"/>
      <line num="13" count="26" type="stmt"/>
      <line num="15" count="26" type="stmt"/>
      <line num="22" count="26" type="stmt"/>
      <line num="29" count="26" type="stmt"/>
      <line num="34" count="26" type="stmt"/>
      <line num="42" count="14" type="stmt"/>
      <line num="52" count="0" type="stmt"/>
      <line num="62" count="6" type="stmt"/>
      <line num="72" count="6" type="stmt"/>
    </file>
    <file name="task.component.ts" path="C:\Users\Centrical\Documents\GitHub\angular-nx-cypress-coverage-example\libs\ui-lib\src\lib\task\task.component.ts">
      <metrics statements="6" coveredstatements="4" conditionals="20" coveredconditionals="12" methods="4" coveredmethods="2"/>
      <line num="8" count="26" type="stmt"/>
      <line num="11" count="26" type="stmt"/>
      <line num="12" count="26" type="cond" truecount="3" falsecount="1"/>
      <line num="13" count="26" type="cond" truecount="3" falsecount="1"/>
      <line num="20" count="0" type="stmt"/>
      <line num="24" count="0" type="stmt"/>
    </file>
  </project>
</coverage>
