{"C:\\Users\\Centrical\\Documents\\GitHub\\angular-nx-cypress-coverage-example\\libs\\ui-lib\\src\\lib\\task\\task.component.stories.ts": {"path":"C:\\Users\\Centrical\\Documents\\GitHub\\angular-nx-cypress-coverage-example\\libs\\ui-lib\\src\\lib\\task\\task.component.stories.ts","statementMap":{"0":{"start":{"line":5,"column":20},"end":{"line":5,"column":5554}},"1":{"start":{"line":7,"column":28},"end":{"line":7,"column":569}},"2":{"start":{"line":13,"column":20},"end":{"line":13,"column":2266}},"3":{"start":{"line":15,"column":28},"end":{"line":15,"column":569}},"4":{"start":{"line":22,"column":20},"end":{"line":27,"column":2}},"5":{"start":{"line":29,"column":23},"end":{"line":32,"column":2}},"6":{"start":{"line":34,"column":0},"end":{"line":83,"column":5}},"7":{"start":{"line":42,"column":4},"end":{"line":49,"column":6}},"8":{"start":{"line":52,"column":4},"end":{"line":59,"column":6}},"9":{"start":{"line":62,"column":4},"end":{"line":69,"column":6}},"10":{"start":{"line":72,"column":4},"end":{"line":82,"column":6}}},"fnMap":{"0":{"name":"(anonymous_0)","decl":{"start":{"line":41,"column":18},"end":{"line":41,"column":21}},"loc":{"start":{"line":41,"column":23},"end":{"line":50,"column":3}}},"1":{"name":"(anonymous_1)","decl":{"start":{"line":51,"column":17},"end":{"line":51,"column":20}},"loc":{"start":{"line":51,"column":22},"end":{"line":60,"column":3}}},"2":{"name":"(anonymous_2)","decl":{"start":{"line":61,"column":19},"end":{"line":61,"column":22}},"loc":{"start":{"line":61,"column":24},"end":{"line":70,"column":3}}},"3":{"name":"(anonymous_3)","decl":{"start":{"line":71,"column":18},"end":{"line":71,"column":21}},"loc":{"start":{"line":71,"column":23},"end":{"line":83,"column":3}}}},"branchMap":{},"s":{"0":26,"1":26,"2":26,"3":26,"4":26,"5":26,"6":26,"7":14,"8":0,"9":6,"10":6},"f":{"0":14,"1":0,"2":6,"3":6},"b":{}}
,"C:\\Users\\Centrical\\Documents\\GitHub\\angular-nx-cypress-coverage-example\\libs\\ui-lib\\src\\lib\\task\\task.component.ts": {"path":"C:\\Users\\Centrical\\Documents\\GitHub\\angular-nx-cypress-coverage-example\\libs\\ui-lib\\src\\lib\\task\\task.component.ts","statementMap":{"0":{"start":{"line":8,"column":0},"end":{"line":27,"column":null}},"1":{"start":{"line":12,"column":12},"end":{"line":12,"column":62}},"2":{"start":{"line":13,"column":12},"end":{"line":13,"column":66}},"3":{"start":{"line":20,"column":4},"end":{"line":20,"column":28}},"4":{"start":{"line":24,"column":4},"end":{"line":24,"column":32}},"5":{"start":{"line":11,"column":11},"end":{"line":11,"column":null}},"6":{"start":{"line":12,"column":12},"end":{"line":12,"column":null}},"7":{"start":{"line":13,"column":12},"end":{"line":13,"column":null}},"8":{"start":{"line":8,"column":13},"end":{"line":27,"column":null}}},"fnMap":{"0":{"name":"(anonymous_0)","decl":{"start":{"line":15,"column":2},"end":{"line":15,"column":17}},"loc":{"start":{"line":15,"column":2},"end":{"line":15,"column":18}}},"1":{"name":"(anonymous_1)","decl":{"start":{"line":17,"column":2},"end":{"line":17,"column":10}},"loc":{"start":{"line":17,"column":10},"end":{"line":17,"column":15}}},"2":{"name":"(anonymous_2)","decl":{"start":{"line":19,"column":2},"end":{"line":19,"column":7}},"loc":{"start":{"line":19,"column":10},"end":{"line":21,"column":3}}},"3":{"name":"(anonymous_3)","decl":{"start":{"line":23,"column":2},"end":{"line":23,"column":11}},"loc":{"start":{"line":23,"column":14},"end":{"line":25,"column":3}}}},"branchMap":{"0":{"loc":{"start":{"line":12,"column":35},"end":{"line":12,"column":43}},"type":"cond-expr","locations":[{"start":{"line":12,"column":35},"end":{"line":12,"column":43}},{"start":{"line":12,"column":35},"end":{"line":12,"column":43}}]},"1":{"loc":{"start":{"line":12,"column":23},"end":{"line":12,"column":43}},"type":"binary-expr","locations":[{"start":{"line":12,"column":23},"end":{"line":12,"column":43}},{"start":{"line":12,"column":23},"end":{"line":12,"column":35}}]},"2":{"loc":{"start":{"line":13,"column":39},"end":{"line":13,"column":47}},"type":"cond-expr","locations":[{"start":{"line":13,"column":39},"end":{"line":13,"column":47}},{"start":{"line":13,"column":39},"end":{"line":13,"column":47}}]},"3":{"loc":{"start":{"line":13,"column":27},"end":{"line":13,"column":47}},"type":"binary-expr","locations":[{"start":{"line":13,"column":27},"end":{"line":13,"column":47}},{"start":{"line":13,"column":27},"end":{"line":13,"column":39}}]},"4":{"loc":{"start":{"line":5,"column":101},"end":{"line":5,"column":177}},"type":"cond-expr","locations":[{"start":{"line":5,"column":101},"end":{"line":5,"column":177}},{"start":{"line":5,"column":181},"end":{"line":5,"column":183}}]},"5":{"loc":{"start":{"line":5,"column":13},"end":{"line":5,"column":53}},"type":"binary-expr","locations":[{"start":{"line":5,"column":13},"end":{"line":5,"column":53}},{"start":{"line":5,"column":57},"end":{"line":5,"column":89}}]},"6":{"loc":{"start":{"line":5,"column":101},"end":{"line":5,"column":141}},"type":"binary-expr","locations":[{"start":{"line":5,"column":101},"end":{"line":5,"column":141}},{"start":{"line":5,"column":145},"end":{"line":5,"column":177}}]},"7":{"loc":{"start":{"line":6,"column":98},"end":{"line":6,"column":172}},"type":"cond-expr","locations":[{"start":{"line":6,"column":98},"end":{"line":6,"column":172}},{"start":{"line":6,"column":176},"end":{"line":6,"column":178}}]},"8":{"loc":{"start":{"line":6,"column":12},"end":{"line":6,"column":51}},"type":"binary-expr","locations":[{"start":{"line":6,"column":12},"end":{"line":6,"column":51}},{"start":{"line":6,"column":55},"end":{"line":6,"column":86}}]},"9":{"loc":{"start":{"line":6,"column":98},"end":{"line":6,"column":137}},"type":"binary-expr","locations":[{"start":{"line":6,"column":98},"end":{"line":6,"column":137}},{"start":{"line":6,"column":141},"end":{"line":6,"column":172}}]}},"s":{"0":26,"1":26,"2":26,"3":0,"4":0,"5":26,"6":26,"7":26,"8":26},"f":{"0":26,"1":26,"2":0,"3":0},"b":{"0":[26,0],"1":[26,26],"2":[26,0],"3":[26,26],"4":[26,0],"5":[26,0],"6":[26,0],"7":[0,26],"8":[26,26],"9":[0,0]}}
}
