{"total": {"lines":{"total":17,"covered":14,"skipped":0,"pct":82.35},"statements":{"total":20,"covered":17,"skipped":0,"pct":85},"functions":{"total":8,"covered":5,"skipped":0,"pct":62.5},"branches":{"total":20,"covered":12,"skipped":0,"pct":60}}
,"C:\\Users\\Centrical\\Documents\\GitHub\\angular-nx-cypress-coverage-example\\libs\\ui-lib\\src\\lib\\task\\task.component.stories.ts": {"lines":{"total":11,"covered":10,"skipped":0,"pct":90.91},"functions":{"total":4,"covered":3,"skipped":0,"pct":75},"statements":{"total":11,"covered":10,"skipped":0,"pct":90.91},"branches":{"total":0,"covered":0,"skipped":0,"pct":100}}
,"C:\\Users\\Centrical\\Documents\\GitHub\\angular-nx-cypress-coverage-example\\libs\\ui-lib\\src\\lib\\task\\task.component.ts": {"lines":{"total":6,"covered":4,"skipped":0,"pct":66.67},"functions":{"total":4,"covered":2,"skipped":0,"pct":50},"statements":{"total":9,"covered":7,"skipped":0,"pct":77.78},"branches":{"total":20,"covered":12,"skipped":0,"pct":60}}
}
