TN:
SF:..\..\libs\ui-lib\src\lib\task\task.component.stories.ts
FN:41,(anonymous_0)
FN:51,(anonymous_1)
FN:61,(anonymous_2)
FN:71,(anonymous_3)
FNF:4
FNH:3
FNDA:14,(anonymous_0)
FNDA:0,(anonymous_1)
FNDA:6,(anonymous_2)
FNDA:6,(anonymous_3)
DA:5,26
DA:7,26
DA:13,26
DA:15,26
DA:22,26
DA:29,26
DA:34,26
DA:42,14
DA:52,0
DA:62,6
DA:72,6
LF:11
LH:10
BRF:0
BRH:0
end_of_record
TN:
SF:..\..\libs\ui-lib\src\lib\task\task.component.ts
FN:15,(anonymous_0)
FN:17,(anonymous_1)
FN:19,(anonymous_2)
FN:23,(anonymous_3)
FNF:4
FNH:2
FNDA:26,(anonymous_0)
FNDA:26,(anonymous_1)
FNDA:0,(anonymous_2)
FNDA:0,(anonymous_3)
DA:8,26
DA:11,26
DA:12,26
DA:13,26
DA:20,0
DA:24,0
LF:6
LH:4
BRDA:12,0,0,26
BRDA:12,0,1,0
BRDA:12,1,0,26
BRDA:12,1,1,26
BRDA:13,2,0,26
BRDA:13,2,1,0
BRDA:13,3,0,26
BRDA:13,3,1,26
BRDA:5,4,0,26
BRDA:5,4,1,0
BRDA:5,5,0,26
BRDA:5,5,1,0
BRDA:5,6,0,26
BRDA:5,6,1,0
BRDA:6,7,0,0
BRDA:6,7,1,26
BRDA:6,8,0,26
BRDA:6,8,1,26
BRDA:6,9,0,0
BRDA:6,9,1,0
BRF:20
BRH:12
end_of_record
