{"total": {"lines":{"total":155,"covered":148,"skipped":0,"pct":95.48},"statements":{"total":156,"covered":148,"skipped":0,"pct":94.87},"functions":{"total":19,"covered":14,"skipped":0,"pct":73.68},"branches":{"total":28,"covered":23,"skipped":0,"pct":82.14}}
,"C:\\Users\\Centrical\\Documents\\GitHub\\angular-nx-cypress-coverage-example\\apps\\cov-app\\src\\main.ts": {"lines":{"total":3,"covered":2,"skipped":0,"pct":66.67},"functions":{"total":1,"covered":0,"skipped":0,"pct":0},"statements":{"total":4,"covered":2,"skipped":0,"pct":50},"branches":{"total":2,"covered":1,"skipped":0,"pct":50}}
,"C:\\Users\\Centrical\\Documents\\GitHub\\angular-nx-cypress-coverage-example\\apps\\cov-app\\src\\polyfills.ts": {"lines":{"total":0,"covered":0,"skipped":0,"pct":0},"functions":{"total":0,"covered":0,"skipped":0,"pct":0},"statements":{"total":0,"covered":0,"skipped":0,"pct":0},"branches":{"total":0,"covered":0,"skipped":0,"pct":0}}
,"C:\\Users\\Centrical\\Documents\\GitHub\\angular-nx-cypress-coverage-example\\apps\\cov-app\\src\\app\\app.component.ts": {"lines":{"total":97,"covered":97,"skipped":0,"pct":100},"functions":{"total":4,"covered":4,"skipped":0,"pct":100},"statements":{"total":97,"covered":97,"skipped":0,"pct":100},"branches":{"total":6,"covered":6,"skipped":0,"pct":100}}
,"C:\\Users\\Centrical\\Documents\\GitHub\\angular-nx-cypress-coverage-example\\apps\\cov-app\\src\\app\\app.module.ts": {"lines":{"total":6,"covered":6,"skipped":0,"pct":100},"functions":{"total":2,"covered":2,"skipped":0,"pct":100},"statements":{"total":6,"covered":6,"skipped":0,"pct":100},"branches":{"total":2,"covered":2,"skipped":0,"pct":100}}
,"C:\\Users\\Centrical\\Documents\\GitHub\\angular-nx-cypress-coverage-example\\apps\\cov-app\\src\\environments\\environment.ts": {"lines":{"total":1,"covered":1,"skipped":0,"pct":100},"functions":{"total":0,"covered":0,"skipped":0,"pct":100},"statements":{"total":1,"covered":1,"skipped":0,"pct":100},"branches":{"total":0,"covered":0,"skipped":0,"pct":100}}
,"C:\\Users\\Centrical\\Documents\\GitHub\\angular-nx-cypress-coverage-example\\libs\\ui-lib\\src\\index.ts": {"lines":{"total":0,"covered":0,"skipped":0,"pct":0},"functions":{"total":0,"covered":0,"skipped":0,"pct":0},"statements":{"total":0,"covered":0,"skipped":0,"pct":0},"branches":{"total":0,"covered":0,"skipped":0,"pct":0}}
,"C:\\Users\\Centrical\\Documents\\GitHub\\angular-nx-cypress-coverage-example\\libs\\ui-lib\\src\\lib\\ui-lib.module.ts": {"lines":{"total":6,"covered":6,"skipped":0,"pct":100},"functions":{"total":2,"covered":2,"skipped":0,"pct":100},"statements":{"total":6,"covered":6,"skipped":0,"pct":100},"branches":{"total":2,"covered":2,"skipped":0,"pct":100}}
,"C:\\Users\\Centrical\\Documents\\GitHub\\angular-nx-cypress-coverage-example\\libs\\ui-lib\\src\\lib\\task\\task.component.ts": {"lines":{"total":42,"covered":36,"skipped":0,"pct":85.71},"functions":{"total":10,"covered":6,"skipped":0,"pct":60},"statements":{"total":42,"covered":36,"skipped":0,"pct":85.71},"branches":{"total":16,"covered":12,"skipped":0,"pct":75}}
}
