TN:
SF:..\cov-app\src\main.ts
FN:10,(anonymous_0)
FNF:1
FNH:0
FNDA:0,(anonymous_0)
DA:6,2
DA:7,0
DA:10,2
LF:3
LH:2
BRDA:6,0,0,0
BRDA:6,0,1,2
BRF:2
BRH:1
end_of_record
TN:
SF:..\cov-app\src\polyfills.ts
FNF:0
FNH:0
LF:0
LH:0
BRF:0
BRH:0
end_of_record
TN:
SF:..\cov-app\src\app\app.component.ts
FN:3,(anonymous_0)
FN:5,(anonymous_1)
FN:11,AppComponent_Factory
FN:21,AppComponent_Template
FNF:4
FNH:4
FNDA:2,(anonymous_0)
FNDA:2,(anonymous_1)
FNDA:2,AppComponent_Factory
FNDA:6,AppComponent_Template
DA:3,2
DA:6,2
DA:11,2
DA:12,2
DA:15,2
DA:22,6
DA:23,2
DA:24,2
DA:25,2
DA:26,2
DA:27,2
DA:28,2
DA:29,2
DA:30,2
DA:31,2
DA:32,2
DA:33,2
DA:34,2
DA:35,2
DA:36,2
DA:37,2
DA:38,2
DA:39,2
DA:40,2
DA:41,2
DA:42,2
DA:43,2
DA:44,2
DA:45,2
DA:46,2
DA:47,2
DA:48,2
DA:49,2
DA:50,2
DA:51,2
DA:52,2
DA:53,2
DA:54,2
DA:55,2
DA:56,2
DA:57,2
DA:58,2
DA:59,2
DA:60,2
DA:61,2
DA:62,2
DA:63,2
DA:64,2
DA:65,2
DA:66,2
DA:67,2
DA:68,2
DA:69,2
DA:70,2
DA:71,2
DA:72,2
DA:73,2
DA:74,2
DA:75,2
DA:76,2
DA:77,2
DA:78,2
DA:79,2
DA:80,2
DA:81,2
DA:82,2
DA:83,2
DA:84,2
DA:85,2
DA:86,2
DA:87,2
DA:88,2
DA:89,2
DA:90,2
DA:91,2
DA:92,2
DA:93,2
DA:94,2
DA:95,2
DA:96,2
DA:97,2
DA:98,2
DA:99,2
DA:100,2
DA:101,2
DA:102,2
DA:103,2
DA:104,2
DA:105,2
DA:106,2
DA:107,2
DA:108,2
DA:109,2
DA:112,6
DA:113,4
DA:114,4
DA:120,2
LF:97
LH:97
BRDA:12,0,0,2
BRDA:12,0,1,2
BRDA:22,1,0,2
BRDA:22,1,1,4
BRDA:112,2,0,4
BRDA:112,2,1,2
BRF:6
BRH:6
end_of_record
TN:
SF:..\cov-app\src\app\app.module.ts
FN:5,(anonymous_0)
FN:8,AppModule_Factory
FNF:2
FNH:2
FNDA:2,(anonymous_0)
FNDA:2,AppModule_Factory
DA:5,2
DA:8,2
DA:9,2
DA:12,2
DA:16,2
DA:20,2
LF:6
LH:6
BRDA:9,0,0,2
BRDA:9,0,1,2
BRF:2
BRH:2
end_of_record
TN:
SF:..\cov-app\src\environments\environment.ts
FNF:0
FNH:0
DA:4,2
LF:1
LH:1
BRF:0
BRH:0
end_of_record
TN:
SF:..\..\libs\ui-lib\src\index.ts
FNF:0
FNH:0
LF:0
LH:0
BRF:0
BRH:0
end_of_record
TN:
SF:..\..\libs\ui-lib\src\lib\ui-lib.module.ts
FN:3,(anonymous_0)
FN:6,UiLibModule_Factory
FNF:2
FNH:2
FNDA:2,(anonymous_0)
FNDA:2,UiLibModule_Factory
DA:3,2
DA:6,2
DA:7,2
DA:10,2
DA:13,2
DA:16,2
LF:6
LH:6
BRDA:7,0,0,2
BRDA:7,0,1,2
BRF:2
BRH:2
end_of_record
TN:
SF:..\..\libs\ui-lib\src\lib\task\task.component.ts
FN:5,TaskComponent_a_7_Template
FN:10,TaskComponent_a_7_Template_a_click_0_listener
FN:20,(anonymous_2)
FN:22,(anonymous_3)
FN:27,(anonymous_4)
FN:29,(anonymous_5)
FN:33,(anonymous_6)
FN:39,TaskComponent_Factory
FN:56,TaskComponent_Template
FN:62,TaskComponent_Template_span_click_3_listener
FNF:10
FNH:6
FNDA:6,TaskComponent_a_7_Template
FNDA:0,TaskComponent_a_7_Template_a_click_0_listener
FNDA:2,(anonymous_2)
FNDA:2,(anonymous_3)
FNDA:2,(anonymous_4)
FNDA:0,(anonymous_5)
FNDA:0,(anonymous_6)
FNDA:2,TaskComponent_Factory
FNDA:6,TaskComponent_Template
FNDA:0,TaskComponent_Template_span_click_3_listener
DA:6,6
DA:7,2
DA:9,2
DA:10,2
DA:11,0
DA:12,0
DA:13,0
DA:15,2
DA:16,2
DA:20,2
DA:23,2
DA:24,2
DA:30,0
DA:34,0
DA:39,2
DA:40,2
DA:43,2
DA:57,6
DA:58,2
DA:59,2
DA:60,2
DA:61,2
DA:62,2
DA:63,0
DA:65,2
DA:66,2
DA:67,2
DA:68,2
DA:69,2
DA:70,2
DA:71,2
DA:72,2
DA:73,2
DA:76,6
DA:77,4
DA:78,4
DA:79,4
DA:80,4
DA:81,4
DA:82,4
DA:83,4
DA:89,2
LF:42
LH:36
BRDA:6,0,0,2
BRDA:6,0,1,4
BRDA:40,1,0,2
BRDA:40,1,1,2
BRDA:57,2,0,2
BRDA:57,2,1,4
BRDA:76,3,0,4
BRDA:76,3,1,2
BRDA:77,4,0,4
BRDA:77,4,1,0
BRDA:79,5,0,4
BRDA:79,5,1,0
BRDA:81,6,0,4
BRDA:81,6,1,0
BRDA:83,7,0,4
BRDA:83,7,1,0
BRF:16
BRH:12
end_of_record
